2024/09/23 11:36:23 DEBUG [restartedMain] - Driver class com.mysql.cj.jdbc.Driver found in Thread context class loader TomcatEmbeddedWebappClassLoader
  context: ROOT
  delegate: true
----------> Parent Classloader:
org.springframework.boot.devtools.restart.classloader.RestartClassLoader@d53c6f6

2024/09/23 11:36:23 DEBUG [restartedMain] - HikariPool-1 - configuration:
2024/09/23 11:36:23 DEBUG [restartedMain] - allowPoolSuspension................................false
2024/09/23 11:36:23 DEBUG [restartedMain] - autoCommit................................true
2024/09/23 11:36:23 DEBUG [restartedMain] - catalog................................none
2024/09/23 11:36:23 DEBUG [restartedMain] - connectionInitSql................................none
2024/09/23 11:36:23 DEBUG [restartedMain] - connectionTestQuery................................none
2024/09/23 11:36:23 DEBUG [restartedMain] - connectionTimeout................................30000
2024/09/23 11:36:23 DEBUG [restartedMain] - dataSource................................none
2024/09/23 11:36:23 DEBUG [restartedMain] - dataSourceClassName................................none
2024/09/23 11:36:23 DEBUG [restartedMain] - dataSourceJNDI................................none
2024/09/23 11:36:23 DEBUG [restartedMain] - dataSourceProperties................................{password=<masked>}
2024/09/23 11:36:23 DEBUG [restartedMain] - driverClassName................................"com.mysql.cj.jdbc.Driver"
2024/09/23 11:36:23 DEBUG [restartedMain] - exceptionOverrideClassName................................none
2024/09/23 11:36:23 DEBUG [restartedMain] - healthCheckProperties................................{}
2024/09/23 11:36:23 DEBUG [restartedMain] - healthCheckRegistry................................none
2024/09/23 11:36:23 DEBUG [restartedMain] - idleTimeout................................600000
2024/09/23 11:36:23 DEBUG [restartedMain] - initializationFailTimeout................................1
2024/09/23 11:36:23 DEBUG [restartedMain] - isolateInternalQueries................................false
2024/09/23 11:36:23 DEBUG [restartedMain] - jdbcUrl................................jdbc:mysql://localhost/sakemandb?useSSL=false&allowPublicKeyRetrieval=true
2024/09/23 11:36:23 DEBUG [restartedMain] - keepaliveTime................................0
2024/09/23 11:36:23 DEBUG [restartedMain] - leakDetectionThreshold................................0
2024/09/23 11:36:23 DEBUG [restartedMain] - maxLifetime................................1800000
2024/09/23 11:36:23 DEBUG [restartedMain] - maximumPoolSize................................10
2024/09/23 11:36:23 DEBUG [restartedMain] - metricRegistry................................none
2024/09/23 11:36:23 DEBUG [restartedMain] - metricsTrackerFactory................................com.zaxxer.hikari.metrics.micrometer.MicrometerMetricsTrackerFactory@36ae5689
2024/09/23 11:36:23 DEBUG [restartedMain] - minimumIdle................................10
2024/09/23 11:36:23 DEBUG [restartedMain] - password................................<masked>
2024/09/23 11:36:23 DEBUG [restartedMain] - poolName................................"HikariPool-1"
2024/09/23 11:36:23 DEBUG [restartedMain] - readOnly................................false
2024/09/23 11:36:23 DEBUG [restartedMain] - registerMbeans................................false
2024/09/23 11:36:23 DEBUG [restartedMain] - scheduledExecutor................................none
2024/09/23 11:36:23 DEBUG [restartedMain] - schema................................none
2024/09/23 11:36:23 DEBUG [restartedMain] - threadFactory................................internal
2024/09/23 11:36:23 DEBUG [restartedMain] - transactionIsolation................................default
2024/09/23 11:36:23 DEBUG [restartedMain] - username................................"sakemanuser"
2024/09/23 11:36:23 DEBUG [restartedMain] - validationTimeout................................5000
2024/09/23 11:36:23 INFO  [restartedMain] - HikariPool-1 - Starting...
2024/09/23 11:36:23 DEBUG [restartedMain] - HikariPool-1 - Added connection com.mysql.cj.jdbc.ConnectionImpl@55a4dcf4
2024/09/23 11:36:23 INFO  [restartedMain] - HikariPool-1 - Start completed.
2024/09/23 11:36:23 DEBUG [HikariPool-1 housekeeper] - HikariPool-1 - Pool stats (total=1, active=0, idle=1, waiting=0)
2024/09/23 11:36:23 DEBUG [HikariPool-1 connection adder] - HikariPool-1 - Added connection com.mysql.cj.jdbc.ConnectionImpl@57b446d3
2024/09/23 11:36:23 DEBUG [HikariPool-1 connection adder] - HikariPool-1 - Added connection com.mysql.cj.jdbc.ConnectionImpl@16894ce8
2024/09/23 11:36:23 DEBUG [HikariPool-1 connection adder] - HikariPool-1 - Added connection com.mysql.cj.jdbc.ConnectionImpl@27d5bc26
2024/09/23 11:36:23 DEBUG [HikariPool-1 connection adder] - HikariPool-1 - Added connection com.mysql.cj.jdbc.ConnectionImpl@76a6b3a7
2024/09/23 11:36:23 DEBUG [HikariPool-1 connection adder] - HikariPool-1 - Added connection com.mysql.cj.jdbc.ConnectionImpl@392ce0d6
2024/09/23 11:36:23 DEBUG [HikariPool-1 connection adder] - HikariPool-1 - Added connection com.mysql.cj.jdbc.ConnectionImpl@72e829b0
2024/09/23 11:36:23 DEBUG [HikariPool-1 connection adder] - HikariPool-1 - Added connection com.mysql.cj.jdbc.ConnectionImpl@d5f8bbe
2024/09/23 11:36:23 DEBUG [HikariPool-1 connection adder] - HikariPool-1 - Added connection com.mysql.cj.jdbc.ConnectionImpl@b9193cd
2024/09/23 11:36:23 DEBUG [HikariPool-1 connection adder] - HikariPool-1 - Added connection com.mysql.cj.jdbc.ConnectionImpl@769f0959
2024/09/23 11:36:23 DEBUG [HikariPool-1 connection adder] - HikariPool-1 - After adding stats (total=10, active=0, idle=10, waiting=0)
2024/09/23 11:36:53 DEBUG [HikariPool-1 housekeeper] - HikariPool-1 - Pool stats (total=10, active=0, idle=10, waiting=0)
2024/09/23 11:36:53 DEBUG [HikariPool-1 housekeeper] - HikariPool-1 - Fill pool skipped, pool is at sufficient level.
2024/09/23 11:37:23 DEBUG [HikariPool-1 housekeeper] - HikariPool-1 - Pool stats (total=10, active=0, idle=10, waiting=0)
2024/09/23 11:37:23 DEBUG [HikariPool-1 housekeeper] - HikariPool-1 - Fill pool skipped, pool is at sufficient level.
2024/09/23 11:37:53 DEBUG [HikariPool-1 housekeeper] - HikariPool-1 - Pool stats (total=10, active=0, idle=10, waiting=0)
2024/09/23 11:37:53 DEBUG [HikariPool-1 housekeeper] - HikariPool-1 - Fill pool skipped, pool is at sufficient level.
2024/09/23 11:38:23 DEBUG [HikariPool-1 housekeeper] - HikariPool-1 - Pool stats (total=10, active=0, idle=10, waiting=0)
2024/09/23 11:38:23 DEBUG [HikariPool-1 housekeeper] - HikariPool-1 - Fill pool skipped, pool is at sufficient level.
2024/09/23 11:38:53 DEBUG [HikariPool-1 housekeeper] - HikariPool-1 - Pool stats (total=10, active=0, idle=10, waiting=0)
2024/09/23 11:38:53 DEBUG [HikariPool-1 housekeeper] - HikariPool-1 - Fill pool skipped, pool is at sufficient level.
2024/09/23 11:39:23 DEBUG [HikariPool-1 housekeeper] - HikariPool-1 - Pool stats (total=10, active=0, idle=10, waiting=0)
2024/09/23 11:39:23 DEBUG [HikariPool-1 housekeeper] - HikariPool-1 - Fill pool skipped, pool is at sufficient level.
2024/09/23 11:39:53 DEBUG [HikariPool-1 housekeeper] - HikariPool-1 - Pool stats (total=10, active=0, idle=10, waiting=0)
2024/09/23 11:39:53 DEBUG [HikariPool-1 housekeeper] - HikariPool-1 - Fill pool skipped, pool is at sufficient level.
2024/09/23 11:40:23 DEBUG [HikariPool-1 housekeeper] - HikariPool-1 - Pool stats (total=10, active=0, idle=10, waiting=0)
2024/09/23 11:40:23 DEBUG [HikariPool-1 housekeeper] - HikariPool-1 - Fill pool skipped, pool is at sufficient level.
2024/09/23 11:40:53 DEBUG [HikariPool-1 housekeeper] - HikariPool-1 - Pool stats (total=10, active=0, idle=10, waiting=0)
2024/09/23 11:40:53 DEBUG [HikariPool-1 housekeeper] - HikariPool-1 - Fill pool skipped, pool is at sufficient level.
2024/09/23 11:41:23 DEBUG [HikariPool-1 housekeeper] - HikariPool-1 - Pool stats (total=10, active=0, idle=10, waiting=0)
2024/09/23 11:41:23 DEBUG [HikariPool-1 housekeeper] - HikariPool-1 - Fill pool skipped, pool is at sufficient level.
2024/09/23 11:41:53 DEBUG [HikariPool-1 housekeeper] - HikariPool-1 - Pool stats (total=10, active=0, idle=10, waiting=0)
2024/09/23 11:41:53 DEBUG [HikariPool-1 housekeeper] - HikariPool-1 - Fill pool skipped, pool is at sufficient level.
2024/09/23 11:42:02 INFO  [Thread-6] - HikariPool-1 - Shutdown initiated...
2024/09/23 11:42:02 DEBUG [Thread-6] - HikariPool-1 - Before shutdown stats (total=10, active=0, idle=10, waiting=0)
2024/09/23 11:42:02 DEBUG [HikariPool-1 connection closer] - HikariPool-1 - Closing connection com.mysql.cj.jdbc.ConnectionImpl@55a4dcf4: (connection evicted)
2024/09/23 11:42:02 DEBUG [HikariPool-1 connection closer] - HikariPool-1 - Closing connection com.mysql.cj.jdbc.ConnectionImpl@57b446d3: (connection evicted)
2024/09/23 11:42:02 DEBUG [HikariPool-1 connection closer] - HikariPool-1 - Closing connection com.mysql.cj.jdbc.ConnectionImpl@16894ce8: (connection evicted)
2024/09/23 11:42:02 DEBUG [HikariPool-1 connection closer] - HikariPool-1 - Closing connection com.mysql.cj.jdbc.ConnectionImpl@27d5bc26: (connection evicted)
2024/09/23 11:42:02 DEBUG [HikariPool-1 connection closer] - HikariPool-1 - Closing connection com.mysql.cj.jdbc.ConnectionImpl@76a6b3a7: (connection evicted)
2024/09/23 11:42:02 DEBUG [HikariPool-1 connection closer] - HikariPool-1 - Closing connection com.mysql.cj.jdbc.ConnectionImpl@392ce0d6: (connection evicted)
2024/09/23 11:42:02 DEBUG [HikariPool-1 connection closer] - HikariPool-1 - Closing connection com.mysql.cj.jdbc.ConnectionImpl@72e829b0: (connection evicted)
2024/09/23 11:42:02 DEBUG [HikariPool-1 connection closer] - HikariPool-1 - Closing connection com.mysql.cj.jdbc.ConnectionImpl@d5f8bbe: (connection evicted)
2024/09/23 11:42:02 DEBUG [HikariPool-1 connection closer] - HikariPool-1 - Closing connection com.mysql.cj.jdbc.ConnectionImpl@b9193cd: (connection evicted)
2024/09/23 11:42:02 DEBUG [HikariPool-1 connection closer] - HikariPool-1 - Closing connection com.mysql.cj.jdbc.ConnectionImpl@769f0959: (connection evicted)
2024/09/23 11:42:02 DEBUG [Thread-6] - HikariPool-1 - After shutdown stats (total=0, active=0, idle=0, waiting=0)
2024/09/23 11:42:02 INFO  [Thread-6] - HikariPool-1 - Shutdown completed.
2024/09/23 11:42:04 DEBUG [restartedMain] - Driver class com.mysql.cj.jdbc.Driver found in Thread context class loader TomcatEmbeddedWebappClassLoader
  context: ROOT
  delegate: true
----------> Parent Classloader:
org.springframework.boot.devtools.restart.classloader.RestartClassLoader@56711827

2024/09/23 11:42:04 DEBUG [restartedMain] - HikariPool-2 - configuration:
2024/09/23 11:42:04 DEBUG [restartedMain] - allowPoolSuspension................................false
2024/09/23 11:42:04 DEBUG [restartedMain] - autoCommit................................true
2024/09/23 11:42:04 DEBUG [restartedMain] - catalog................................none
2024/09/23 11:42:04 DEBUG [restartedMain] - connectionInitSql................................none
2024/09/23 11:42:04 DEBUG [restartedMain] - connectionTestQuery................................none
2024/09/23 11:42:04 DEBUG [restartedMain] - connectionTimeout................................30000
2024/09/23 11:42:04 DEBUG [restartedMain] - dataSource................................none
2024/09/23 11:42:04 DEBUG [restartedMain] - dataSourceClassName................................none
2024/09/23 11:42:04 DEBUG [restartedMain] - dataSourceJNDI................................none
2024/09/23 11:42:04 DEBUG [restartedMain] - dataSourceProperties................................{password=<masked>}
2024/09/23 11:42:04 DEBUG [restartedMain] - driverClassName................................"com.mysql.cj.jdbc.Driver"
2024/09/23 11:42:04 DEBUG [restartedMain] - exceptionOverrideClassName................................none
2024/09/23 11:42:04 DEBUG [restartedMain] - healthCheckProperties................................{}
2024/09/23 11:42:04 DEBUG [restartedMain] - healthCheckRegistry................................none
2024/09/23 11:42:04 DEBUG [restartedMain] - idleTimeout................................600000
2024/09/23 11:42:04 DEBUG [restartedMain] - initializationFailTimeout................................1
2024/09/23 11:42:04 DEBUG [restartedMain] - isolateInternalQueries................................false
2024/09/23 11:42:04 DEBUG [restartedMain] - jdbcUrl................................jdbc:mysql://localhost/sakemandb?useSSL=false&allowPublicKeyRetrieval=true
2024/09/23 11:42:04 DEBUG [restartedMain] - keepaliveTime................................0
2024/09/23 11:42:04 DEBUG [restartedMain] - leakDetectionThreshold................................0
2024/09/23 11:42:04 DEBUG [restartedMain] - maxLifetime................................1800000
2024/09/23 11:42:04 DEBUG [restartedMain] - maximumPoolSize................................10
2024/09/23 11:42:04 DEBUG [restartedMain] - metricRegistry................................none
2024/09/23 11:42:04 DEBUG [restartedMain] - metricsTrackerFactory................................com.zaxxer.hikari.metrics.micrometer.MicrometerMetricsTrackerFactory@6dc41d17
2024/09/23 11:42:04 DEBUG [restartedMain] - minimumIdle................................10
2024/09/23 11:42:04 DEBUG [restartedMain] - password................................<masked>
2024/09/23 11:42:04 DEBUG [restartedMain] - poolName................................"HikariPool-2"
2024/09/23 11:42:04 DEBUG [restartedMain] - readOnly................................false
2024/09/23 11:42:04 DEBUG [restartedMain] - registerMbeans................................false
2024/09/23 11:42:04 DEBUG [restartedMain] - scheduledExecutor................................none
2024/09/23 11:42:04 DEBUG [restartedMain] - schema................................none
2024/09/23 11:42:04 DEBUG [restartedMain] - threadFactory................................internal
2024/09/23 11:42:04 DEBUG [restartedMain] - transactionIsolation................................default
2024/09/23 11:42:04 DEBUG [restartedMain] - username................................"sakemanuser"
2024/09/23 11:42:04 DEBUG [restartedMain] - validationTimeout................................5000
2024/09/23 11:42:04 INFO  [restartedMain] - HikariPool-2 - Starting...
2024/09/23 11:42:04 DEBUG [restartedMain] - HikariPool-2 - Added connection com.mysql.cj.jdbc.ConnectionImpl@2a8e9389
2024/09/23 11:42:04 INFO  [restartedMain] - HikariPool-2 - Start completed.
2024/09/23 11:42:04 DEBUG [HikariPool-2 housekeeper] - HikariPool-2 - Pool stats (total=1, active=0, idle=1, waiting=0)
2024/09/23 11:42:04 DEBUG [HikariPool-2 connection adder] - HikariPool-2 - Added connection com.mysql.cj.jdbc.ConnectionImpl@2f8deee6
2024/09/23 11:42:04 DEBUG [HikariPool-2 connection adder] - HikariPool-2 - Added connection com.mysql.cj.jdbc.ConnectionImpl@6eb0e4dd
2024/09/23 11:42:04 DEBUG [HikariPool-2 connection adder] - HikariPool-2 - Added connection com.mysql.cj.jdbc.ConnectionImpl@5f14cd85
2024/09/23 11:42:04 DEBUG [HikariPool-2 connection adder] - HikariPool-2 - Added connection com.mysql.cj.jdbc.ConnectionImpl@e9f1b92
2024/09/23 11:42:04 DEBUG [HikariPool-2 connection adder] - HikariPool-2 - Added connection com.mysql.cj.jdbc.ConnectionImpl@7fa8f31e
2024/09/23 11:42:04 DEBUG [HikariPool-2 connection adder] - HikariPool-2 - Added connection com.mysql.cj.jdbc.ConnectionImpl@27791ec5
2024/09/23 11:42:04 DEBUG [HikariPool-2 connection adder] - HikariPool-2 - Added connection com.mysql.cj.jdbc.ConnectionImpl@33ae0d94
2024/09/23 11:42:04 DEBUG [HikariPool-2 connection adder] - HikariPool-2 - Added connection com.mysql.cj.jdbc.ConnectionImpl@58570eff
2024/09/23 11:42:04 DEBUG [HikariPool-2 connection adder] - HikariPool-2 - Added connection com.mysql.cj.jdbc.ConnectionImpl@21b5e8a0
2024/09/23 11:42:04 DEBUG [HikariPool-2 connection adder] - HikariPool-2 - After adding stats (total=10, active=0, idle=10, waiting=0)
2024/09/23 11:42:34 DEBUG [HikariPool-2 housekeeper] - HikariPool-2 - Pool stats (total=10, active=1, idle=9, waiting=0)
2024/09/23 11:42:34 DEBUG [HikariPool-2 housekeeper] - HikariPool-2 - Fill pool skipped, pool is at sufficient level.
2024/09/23 11:43:04 DEBUG [HikariPool-2 housekeeper] - HikariPool-2 - Pool stats (total=10, active=0, idle=10, waiting=0)
2024/09/23 11:43:04 DEBUG [HikariPool-2 housekeeper] - HikariPool-2 - Fill pool skipped, pool is at sufficient level.
2024/09/23 11:43:34 DEBUG [HikariPool-2 housekeeper] - HikariPool-2 - Pool stats (total=10, active=0, idle=10, waiting=0)
2024/09/23 11:43:34 DEBUG [HikariPool-2 housekeeper] - HikariPool-2 - Fill pool skipped, pool is at sufficient level.
2024/09/23 11:44:04 DEBUG [HikariPool-2 housekeeper] - HikariPool-2 - Pool stats (total=10, active=0, idle=10, waiting=0)
2024/09/23 11:44:04 DEBUG [HikariPool-2 housekeeper] - HikariPool-2 - Fill pool skipped, pool is at sufficient level.
2024/09/23 11:44:34 DEBUG [HikariPool-2 housekeeper] - HikariPool-2 - Pool stats (total=10, active=0, idle=10, waiting=0)
2024/09/23 11:44:34 DEBUG [HikariPool-2 housekeeper] - HikariPool-2 - Fill pool skipped, pool is at sufficient level.
2024/09/23 11:45:04 DEBUG [HikariPool-2 housekeeper] - HikariPool-2 - Pool stats (total=10, active=0, idle=10, waiting=0)
2024/09/23 11:45:04 DEBUG [HikariPool-2 housekeeper] - HikariPool-2 - Fill pool skipped, pool is at sufficient level.
2024/09/23 11:45:34 DEBUG [HikariPool-2 housekeeper] - HikariPool-2 - Pool stats (total=10, active=0, idle=10, waiting=0)
2024/09/23 11:45:34 DEBUG [HikariPool-2 housekeeper] - HikariPool-2 - Fill pool skipped, pool is at sufficient level.
2024/09/23 11:46:04 DEBUG [HikariPool-2 housekeeper] - HikariPool-2 - Pool stats (total=10, active=0, idle=10, waiting=0)
2024/09/23 11:46:04 DEBUG [HikariPool-2 housekeeper] - HikariPool-2 - Fill pool skipped, pool is at sufficient level.
2024/09/23 11:46:34 DEBUG [HikariPool-2 housekeeper] - HikariPool-2 - Pool stats (total=10, active=0, idle=10, waiting=0)
2024/09/23 11:46:34 DEBUG [HikariPool-2 housekeeper] - HikariPool-2 - Fill pool skipped, pool is at sufficient level.
2024/09/23 11:47:04 DEBUG [HikariPool-2 housekeeper] - HikariPool-2 - Pool stats (total=10, active=0, idle=10, waiting=0)
2024/09/23 11:47:04 DEBUG [HikariPool-2 housekeeper] - HikariPool-2 - Fill pool skipped, pool is at sufficient level.
2024/09/23 11:47:34 DEBUG [HikariPool-2 housekeeper] - HikariPool-2 - Pool stats (total=10, active=0, idle=10, waiting=0)
2024/09/23 11:47:34 DEBUG [HikariPool-2 housekeeper] - HikariPool-2 - Fill pool skipped, pool is at sufficient level.
2024/09/23 11:48:04 DEBUG [HikariPool-2 housekeeper] - HikariPool-2 - Pool stats (total=10, active=0, idle=10, waiting=0)
2024/09/23 11:48:04 DEBUG [HikariPool-2 housekeeper] - HikariPool-2 - Fill pool skipped, pool is at sufficient level.
2024/09/23 11:48:34 DEBUG [HikariPool-2 housekeeper] - HikariPool-2 - Pool stats (total=10, active=0, idle=10, waiting=0)
2024/09/23 11:48:34 DEBUG [HikariPool-2 housekeeper] - HikariPool-2 - Fill pool skipped, pool is at sufficient level.
2024/09/23 11:49:04 DEBUG [HikariPool-2 housekeeper] - HikariPool-2 - Pool stats (total=10, active=0, idle=10, waiting=0)
2024/09/23 11:49:04 DEBUG [HikariPool-2 housekeeper] - HikariPool-2 - Fill pool skipped, pool is at sufficient level.
2024/09/23 11:49:34 DEBUG [HikariPool-2 housekeeper] - HikariPool-2 - Pool stats (total=10, active=0, idle=10, waiting=0)
2024/09/23 11:49:34 DEBUG [HikariPool-2 housekeeper] - HikariPool-2 - Fill pool skipped, pool is at sufficient level.
2024/09/23 11:50:04 DEBUG [HikariPool-2 housekeeper] - HikariPool-2 - Pool stats (total=10, active=0, idle=10, waiting=0)
2024/09/23 11:50:04 DEBUG [HikariPool-2 housekeeper] - HikariPool-2 - Fill pool skipped, pool is at sufficient level.
2024/09/23 11:50:34 DEBUG [HikariPool-2 housekeeper] - HikariPool-2 - Pool stats (total=10, active=0, idle=10, waiting=0)
2024/09/23 11:50:34 DEBUG [HikariPool-2 housekeeper] - HikariPool-2 - Fill pool skipped, pool is at sufficient level.
2024/09/23 11:50:49 INFO  [Thread-8] - HikariPool-2 - Shutdown initiated...
2024/09/23 11:50:49 DEBUG [Thread-8] - HikariPool-2 - Before shutdown stats (total=10, active=0, idle=10, waiting=0)
2024/09/23 11:50:49 DEBUG [HikariPool-2 connection closer] - HikariPool-2 - Closing connection com.mysql.cj.jdbc.ConnectionImpl@2a8e9389: (connection evicted)
2024/09/23 11:50:49 DEBUG [HikariPool-2 connection closer] - HikariPool-2 - Closing connection com.mysql.cj.jdbc.ConnectionImpl@2f8deee6: (connection evicted)
2024/09/23 11:50:49 DEBUG [HikariPool-2 connection closer] - HikariPool-2 - Closing connection com.mysql.cj.jdbc.ConnectionImpl@6eb0e4dd: (connection evicted)
2024/09/23 11:50:49 DEBUG [HikariPool-2 connection closer] - HikariPool-2 - Closing connection com.mysql.cj.jdbc.ConnectionImpl@5f14cd85: (connection evicted)
2024/09/23 11:50:49 DEBUG [HikariPool-2 connection closer] - HikariPool-2 - Closing connection com.mysql.cj.jdbc.ConnectionImpl@e9f1b92: (connection evicted)
2024/09/23 11:50:49 DEBUG [HikariPool-2 connection closer] - HikariPool-2 - Closing connection com.mysql.cj.jdbc.ConnectionImpl@7fa8f31e: (connection evicted)
2024/09/23 11:50:49 DEBUG [HikariPool-2 connection closer] - HikariPool-2 - Closing connection com.mysql.cj.jdbc.ConnectionImpl@27791ec5: (connection evicted)
2024/09/23 11:50:49 DEBUG [HikariPool-2 connection closer] - HikariPool-2 - Closing connection com.mysql.cj.jdbc.ConnectionImpl@33ae0d94: (connection evicted)
2024/09/23 11:50:49 DEBUG [HikariPool-2 connection closer] - HikariPool-2 - Closing connection com.mysql.cj.jdbc.ConnectionImpl@58570eff: (connection evicted)
2024/09/23 11:50:49 DEBUG [HikariPool-2 connection closer] - HikariPool-2 - Closing connection com.mysql.cj.jdbc.ConnectionImpl@21b5e8a0: (connection evicted)
2024/09/23 11:50:49 DEBUG [Thread-8] - HikariPool-2 - After shutdown stats (total=0, active=0, idle=0, waiting=0)
2024/09/23 11:50:49 INFO  [Thread-8] - HikariPool-2 - Shutdown completed.
2024/09/23 11:50:51 DEBUG [restartedMain] - Driver class com.mysql.cj.jdbc.Driver found in Thread context class loader TomcatEmbeddedWebappClassLoader
  context: ROOT
  delegate: true
----------> Parent Classloader:
org.springframework.boot.devtools.restart.classloader.RestartClassLoader@49323a01

2024/09/23 11:50:51 DEBUG [restartedMain] - HikariPool-3 - configuration:
2024/09/23 11:50:51 DEBUG [restartedMain] - allowPoolSuspension................................false
2024/09/23 11:50:51 DEBUG [restartedMain] - autoCommit................................true
2024/09/23 11:50:51 DEBUG [restartedMain] - catalog................................none
2024/09/23 11:50:51 DEBUG [restartedMain] - connectionInitSql................................none
2024/09/23 11:50:51 DEBUG [restartedMain] - connectionTestQuery................................none
2024/09/23 11:50:51 DEBUG [restartedMain] - connectionTimeout................................30000
2024/09/23 11:50:51 DEBUG [restartedMain] - dataSource................................none
2024/09/23 11:50:51 DEBUG [restartedMain] - dataSourceClassName................................none
2024/09/23 11:50:51 DEBUG [restartedMain] - dataSourceJNDI................................none
2024/09/23 11:50:51 DEBUG [restartedMain] - dataSourceProperties................................{password=<masked>}
2024/09/23 11:50:51 DEBUG [restartedMain] - driverClassName................................"com.mysql.cj.jdbc.Driver"
2024/09/23 11:50:51 DEBUG [restartedMain] - exceptionOverrideClassName................................none
2024/09/23 11:50:51 DEBUG [restartedMain] - healthCheckProperties................................{}
2024/09/23 11:50:51 DEBUG [restartedMain] - healthCheckRegistry................................none
2024/09/23 11:50:51 DEBUG [restartedMain] - idleTimeout................................600000
2024/09/23 11:50:51 DEBUG [restartedMain] - initializationFailTimeout................................1
2024/09/23 11:50:51 DEBUG [restartedMain] - isolateInternalQueries................................false
2024/09/23 11:50:51 DEBUG [restartedMain] - jdbcUrl................................jdbc:mysql://localhost/sakemandb?useSSL=false&allowPublicKeyRetrieval=true
2024/09/23 11:50:51 DEBUG [restartedMain] - keepaliveTime................................0
2024/09/23 11:50:51 DEBUG [restartedMain] - leakDetectionThreshold................................0
2024/09/23 11:50:51 DEBUG [restartedMain] - maxLifetime................................1800000
2024/09/23 11:50:51 DEBUG [restartedMain] - maximumPoolSize................................10
2024/09/23 11:50:51 DEBUG [restartedMain] - metricRegistry................................none
2024/09/23 11:50:51 DEBUG [restartedMain] - metricsTrackerFactory................................com.zaxxer.hikari.metrics.micrometer.MicrometerMetricsTrackerFactory@60462041
2024/09/23 11:50:51 DEBUG [restartedMain] - minimumIdle................................10
2024/09/23 11:50:51 DEBUG [restartedMain] - password................................<masked>
2024/09/23 11:50:51 DEBUG [restartedMain] - poolName................................"HikariPool-3"
2024/09/23 11:50:51 DEBUG [restartedMain] - readOnly................................false
2024/09/23 11:50:51 DEBUG [restartedMain] - registerMbeans................................false
2024/09/23 11:50:51 DEBUG [restartedMain] - scheduledExecutor................................none
2024/09/23 11:50:51 DEBUG [restartedMain] - schema................................none
2024/09/23 11:50:51 DEBUG [restartedMain] - threadFactory................................internal
2024/09/23 11:50:51 DEBUG [restartedMain] - transactionIsolation................................default
2024/09/23 11:50:51 DEBUG [restartedMain] - username................................"sakemanuser"
2024/09/23 11:50:51 DEBUG [restartedMain] - validationTimeout................................5000
2024/09/23 11:50:51 INFO  [restartedMain] - HikariPool-3 - Starting...
2024/09/23 11:50:51 DEBUG [restartedMain] - HikariPool-3 - Added connection com.mysql.cj.jdbc.ConnectionImpl@576e4cbe
2024/09/23 11:50:51 INFO  [restartedMain] - HikariPool-3 - Start completed.
2024/09/23 11:50:51 DEBUG [HikariPool-3 housekeeper] - HikariPool-3 - Pool stats (total=1, active=0, idle=1, waiting=0)
2024/09/23 11:50:51 DEBUG [HikariPool-3 connection adder] - HikariPool-3 - Added connection com.mysql.cj.jdbc.ConnectionImpl@27e22404
2024/09/23 11:50:51 DEBUG [HikariPool-3 connection adder] - HikariPool-3 - Added connection com.mysql.cj.jdbc.ConnectionImpl@66df2e3f
2024/09/23 11:50:51 DEBUG [HikariPool-3 connection adder] - HikariPool-3 - Added connection com.mysql.cj.jdbc.ConnectionImpl@577368cb
2024/09/23 11:50:51 DEBUG [HikariPool-3 connection adder] - HikariPool-3 - Added connection com.mysql.cj.jdbc.ConnectionImpl@6f0d170
2024/09/23 11:50:51 DEBUG [HikariPool-3 connection adder] - HikariPool-3 - Added connection com.mysql.cj.jdbc.ConnectionImpl@1645b503
2024/09/23 11:50:51 DEBUG [HikariPool-3 connection adder] - HikariPool-3 - Added connection com.mysql.cj.jdbc.ConnectionImpl@2beab31
2024/09/23 11:50:51 DEBUG [HikariPool-3 connection adder] - HikariPool-3 - Added connection com.mysql.cj.jdbc.ConnectionImpl@6b6de18
2024/09/23 11:50:51 DEBUG [HikariPool-3 connection adder] - HikariPool-3 - Added connection com.mysql.cj.jdbc.ConnectionImpl@5f4711df
2024/09/23 11:50:51 DEBUG [HikariPool-3 connection adder] - HikariPool-3 - Added connection com.mysql.cj.jdbc.ConnectionImpl@56a02fa8
2024/09/23 11:50:51 DEBUG [HikariPool-3 connection adder] - HikariPool-3 - After adding stats (total=10, active=0, idle=10, waiting=0)
2024/09/23 11:51:21 DEBUG [HikariPool-3 housekeeper] - HikariPool-3 - Pool stats (total=10, active=0, idle=10, waiting=0)
2024/09/23 11:51:21 DEBUG [HikariPool-3 housekeeper] - HikariPool-3 - Fill pool skipped, pool is at sufficient level.
2024/09/23 11:51:51 DEBUG [HikariPool-3 housekeeper] - HikariPool-3 - Pool stats (total=10, active=0, idle=10, waiting=0)
2024/09/23 11:51:51 DEBUG [HikariPool-3 housekeeper] - HikariPool-3 - Fill pool skipped, pool is at sufficient level.
2024/09/23 11:52:21 DEBUG [HikariPool-3 housekeeper] - HikariPool-3 - Pool stats (total=10, active=0, idle=10, waiting=0)
2024/09/23 11:52:21 DEBUG [HikariPool-3 housekeeper] - HikariPool-3 - Fill pool skipped, pool is at sufficient level.
2024/09/23 11:52:51 DEBUG [HikariPool-3 housekeeper] - HikariPool-3 - Pool stats (total=10, active=0, idle=10, waiting=0)
2024/09/23 11:52:51 DEBUG [HikariPool-3 housekeeper] - HikariPool-3 - Fill pool skipped, pool is at sufficient level.
2024/09/23 11:53:21 DEBUG [HikariPool-3 housekeeper] - HikariPool-3 - Pool stats (total=10, active=0, idle=10, waiting=0)
2024/09/23 11:53:21 DEBUG [HikariPool-3 housekeeper] - HikariPool-3 - Fill pool skipped, pool is at sufficient level.
2024/09/23 11:53:51 DEBUG [HikariPool-3 housekeeper] - HikariPool-3 - Pool stats (total=10, active=0, idle=10, waiting=0)
2024/09/23 11:53:51 DEBUG [HikariPool-3 housekeeper] - HikariPool-3 - Fill pool skipped, pool is at sufficient level.
2024/09/23 11:54:21 DEBUG [HikariPool-3 housekeeper] - HikariPool-3 - Pool stats (total=10, active=0, idle=10, waiting=0)
2024/09/23 11:54:21 DEBUG [HikariPool-3 housekeeper] - HikariPool-3 - Fill pool skipped, pool is at sufficient level.
2024/09/23 11:54:44 INFO  [Thread-13] - HikariPool-3 - Shutdown initiated...
2024/09/23 11:54:44 DEBUG [Thread-13] - HikariPool-3 - Before shutdown stats (total=10, active=0, idle=10, waiting=0)
2024/09/23 11:54:44 DEBUG [HikariPool-3 connection closer] - HikariPool-3 - Closing connection com.mysql.cj.jdbc.ConnectionImpl@576e4cbe: (connection evicted)
2024/09/23 11:54:44 DEBUG [HikariPool-3 connection closer] - HikariPool-3 - Closing connection com.mysql.cj.jdbc.ConnectionImpl@27e22404: (connection evicted)
2024/09/23 11:54:44 DEBUG [HikariPool-3 connection closer] - HikariPool-3 - Closing connection com.mysql.cj.jdbc.ConnectionImpl@66df2e3f: (connection evicted)
2024/09/23 11:54:44 DEBUG [HikariPool-3 connection closer] - HikariPool-3 - Closing connection com.mysql.cj.jdbc.ConnectionImpl@577368cb: (connection evicted)
2024/09/23 11:54:44 DEBUG [HikariPool-3 connection closer] - HikariPool-3 - Closing connection com.mysql.cj.jdbc.ConnectionImpl@6f0d170: (connection evicted)
2024/09/23 11:54:44 DEBUG [HikariPool-3 connection closer] - HikariPool-3 - Closing connection com.mysql.cj.jdbc.ConnectionImpl@1645b503: (connection evicted)
2024/09/23 11:54:44 DEBUG [HikariPool-3 connection closer] - HikariPool-3 - Closing connection com.mysql.cj.jdbc.ConnectionImpl@2beab31: (connection evicted)
2024/09/23 11:54:44 DEBUG [HikariPool-3 connection closer] - HikariPool-3 - Closing connection com.mysql.cj.jdbc.ConnectionImpl@6b6de18: (connection evicted)
2024/09/23 11:54:44 DEBUG [HikariPool-3 connection closer] - HikariPool-3 - Closing connection com.mysql.cj.jdbc.ConnectionImpl@5f4711df: (connection evicted)
2024/09/23 11:54:44 DEBUG [HikariPool-3 connection closer] - HikariPool-3 - Closing connection com.mysql.cj.jdbc.ConnectionImpl@56a02fa8: (connection evicted)
2024/09/23 11:54:44 DEBUG [Thread-13] - HikariPool-3 - After shutdown stats (total=0, active=0, idle=0, waiting=0)
2024/09/23 11:54:44 INFO  [Thread-13] - HikariPool-3 - Shutdown completed.
2024/09/23 11:54:46 DEBUG [restartedMain] - Driver class com.mysql.cj.jdbc.Driver found in Thread context class loader TomcatEmbeddedWebappClassLoader
  context: ROOT
  delegate: true
----------> Parent Classloader:
org.springframework.boot.devtools.restart.classloader.RestartClassLoader@5e09ecd6

2024/09/23 11:54:46 DEBUG [restartedMain] - HikariPool-4 - configuration:
2024/09/23 11:54:46 DEBUG [restartedMain] - allowPoolSuspension................................false
2024/09/23 11:54:46 DEBUG [restartedMain] - autoCommit................................true
2024/09/23 11:54:46 DEBUG [restartedMain] - catalog................................none
2024/09/23 11:54:46 DEBUG [restartedMain] - connectionInitSql................................none
2024/09/23 11:54:46 DEBUG [restartedMain] - connectionTestQuery................................none
2024/09/23 11:54:46 DEBUG [restartedMain] - connectionTimeout................................30000
2024/09/23 11:54:46 DEBUG [restartedMain] - dataSource................................none
2024/09/23 11:54:46 DEBUG [restartedMain] - dataSourceClassName................................none
2024/09/23 11:54:46 DEBUG [restartedMain] - dataSourceJNDI................................none
2024/09/23 11:54:46 DEBUG [restartedMain] - dataSourceProperties................................{password=<masked>}
2024/09/23 11:54:46 DEBUG [restartedMain] - driverClassName................................"com.mysql.cj.jdbc.Driver"
2024/09/23 11:54:46 DEBUG [restartedMain] - exceptionOverrideClassName................................none
2024/09/23 11:54:46 DEBUG [restartedMain] - healthCheckProperties................................{}
2024/09/23 11:54:46 DEBUG [restartedMain] - healthCheckRegistry................................none
2024/09/23 11:54:46 DEBUG [restartedMain] - idleTimeout................................600000
2024/09/23 11:54:46 DEBUG [restartedMain] - initializationFailTimeout................................1
2024/09/23 11:54:46 DEBUG [restartedMain] - isolateInternalQueries................................false
2024/09/23 11:54:46 DEBUG [restartedMain] - jdbcUrl................................jdbc:mysql://localhost/sakemandb?useSSL=false&allowPublicKeyRetrieval=true
2024/09/23 11:54:46 DEBUG [restartedMain] - keepaliveTime................................0
2024/09/23 11:54:46 DEBUG [restartedMain] - leakDetectionThreshold................................0
2024/09/23 11:54:46 DEBUG [restartedMain] - maxLifetime................................1800000
2024/09/23 11:54:46 DEBUG [restartedMain] - maximumPoolSize................................10
2024/09/23 11:54:46 DEBUG [restartedMain] - metricRegistry................................none
2024/09/23 11:54:46 DEBUG [restartedMain] - metricsTrackerFactory................................com.zaxxer.hikari.metrics.micrometer.MicrometerMetricsTrackerFactory@1845ad13
2024/09/23 11:54:46 DEBUG [restartedMain] - minimumIdle................................10
2024/09/23 11:54:46 DEBUG [restartedMain] - password................................<masked>
2024/09/23 11:54:46 DEBUG [restartedMain] - poolName................................"HikariPool-4"
2024/09/23 11:54:46 DEBUG [restartedMain] - readOnly................................false
2024/09/23 11:54:46 DEBUG [restartedMain] - registerMbeans................................false
2024/09/23 11:54:46 DEBUG [restartedMain] - scheduledExecutor................................none
2024/09/23 11:54:46 DEBUG [restartedMain] - schema................................none
2024/09/23 11:54:46 DEBUG [restartedMain] - threadFactory................................internal
2024/09/23 11:54:46 DEBUG [restartedMain] - transactionIsolation................................default
2024/09/23 11:54:46 DEBUG [restartedMain] - username................................"sakemanuser"
2024/09/23 11:54:46 DEBUG [restartedMain] - validationTimeout................................5000
2024/09/23 11:54:46 INFO  [restartedMain] - HikariPool-4 - Starting...
2024/09/23 11:54:46 DEBUG [restartedMain] - HikariPool-4 - Added connection com.mysql.cj.jdbc.ConnectionImpl@5e9ec803
2024/09/23 11:54:46 INFO  [restartedMain] - HikariPool-4 - Start completed.
2024/09/23 11:54:46 DEBUG [HikariPool-4 housekeeper] - HikariPool-4 - Pool stats (total=1, active=0, idle=1, waiting=0)
2024/09/23 11:54:46 DEBUG [HikariPool-4 connection adder] - HikariPool-4 - Added connection com.mysql.cj.jdbc.ConnectionImpl@60952489
2024/09/23 11:54:46 DEBUG [HikariPool-4 connection adder] - HikariPool-4 - Added connection com.mysql.cj.jdbc.ConnectionImpl@21a82eb2
2024/09/23 11:54:46 DEBUG [HikariPool-4 connection adder] - HikariPool-4 - Added connection com.mysql.cj.jdbc.ConnectionImpl@10c3c839
2024/09/23 11:54:46 DEBUG [HikariPool-4 connection adder] - HikariPool-4 - Added connection com.mysql.cj.jdbc.ConnectionImpl@4187d1fd
2024/09/23 11:54:46 DEBUG [HikariPool-4 connection adder] - HikariPool-4 - Added connection com.mysql.cj.jdbc.ConnectionImpl@2f7e3929
2024/09/23 11:54:46 DEBUG [HikariPool-4 connection adder] - HikariPool-4 - Added connection com.mysql.cj.jdbc.ConnectionImpl@69fbcd90
2024/09/23 11:54:46 DEBUG [HikariPool-4 connection adder] - HikariPool-4 - Added connection com.mysql.cj.jdbc.ConnectionImpl@130ec974
2024/09/23 11:54:46 DEBUG [HikariPool-4 connection adder] - HikariPool-4 - Added connection com.mysql.cj.jdbc.ConnectionImpl@159575f0
2024/09/23 11:54:46 DEBUG [HikariPool-4 connection adder] - HikariPool-4 - Added connection com.mysql.cj.jdbc.ConnectionImpl@593825f
2024/09/23 11:54:46 DEBUG [HikariPool-4 connection adder] - HikariPool-4 - After adding stats (total=10, active=0, idle=10, waiting=0)
2024/09/23 11:55:16 DEBUG [HikariPool-4 housekeeper] - HikariPool-4 - Pool stats (total=10, active=0, idle=10, waiting=0)
2024/09/23 11:55:16 DEBUG [HikariPool-4 housekeeper] - HikariPool-4 - Fill pool skipped, pool is at sufficient level.
2024/09/23 11:55:46 DEBUG [HikariPool-4 housekeeper] - HikariPool-4 - Pool stats (total=10, active=0, idle=10, waiting=0)
2024/09/23 11:55:46 DEBUG [HikariPool-4 housekeeper] - HikariPool-4 - Fill pool skipped, pool is at sufficient level.
2024/09/23 11:56:16 DEBUG [HikariPool-4 housekeeper] - HikariPool-4 - Pool stats (total=10, active=0, idle=10, waiting=0)
2024/09/23 11:56:16 DEBUG [HikariPool-4 housekeeper] - HikariPool-4 - Fill pool skipped, pool is at sufficient level.
2024/09/23 11:56:46 DEBUG [HikariPool-4 housekeeper] - HikariPool-4 - Pool stats (total=10, active=0, idle=10, waiting=0)
2024/09/23 11:56:46 DEBUG [HikariPool-4 housekeeper] - HikariPool-4 - Fill pool skipped, pool is at sufficient level.
2024/09/23 11:57:16 DEBUG [HikariPool-4 housekeeper] - HikariPool-4 - Pool stats (total=10, active=0, idle=10, waiting=0)
2024/09/23 11:57:16 DEBUG [HikariPool-4 housekeeper] - HikariPool-4 - Fill pool skipped, pool is at sufficient level.
2024/09/23 11:57:46 DEBUG [HikariPool-4 housekeeper] - HikariPool-4 - Pool stats (total=10, active=0, idle=10, waiting=0)
2024/09/23 11:57:46 DEBUG [HikariPool-4 housekeeper] - HikariPool-4 - Fill pool skipped, pool is at sufficient level.
2024/09/23 11:58:16 DEBUG [HikariPool-4 housekeeper] - HikariPool-4 - Pool stats (total=10, active=0, idle=10, waiting=0)
2024/09/23 11:58:16 DEBUG [HikariPool-4 housekeeper] - HikariPool-4 - Fill pool skipped, pool is at sufficient level.
2024/09/23 11:58:46 DEBUG [HikariPool-4 housekeeper] - HikariPool-4 - Pool stats (total=10, active=0, idle=10, waiting=0)
2024/09/23 11:58:46 DEBUG [HikariPool-4 housekeeper] - HikariPool-4 - Fill pool skipped, pool is at sufficient level.
2024/09/23 11:59:05 INFO  [Thread-18] - HikariPool-4 - Shutdown initiated...
2024/09/23 11:59:05 DEBUG [Thread-18] - HikariPool-4 - Before shutdown stats (total=10, active=0, idle=10, waiting=0)
2024/09/23 11:59:05 DEBUG [HikariPool-4 connection closer] - HikariPool-4 - Closing connection com.mysql.cj.jdbc.ConnectionImpl@5e9ec803: (connection evicted)
2024/09/23 11:59:05 DEBUG [HikariPool-4 connection closer] - HikariPool-4 - Closing connection com.mysql.cj.jdbc.ConnectionImpl@60952489: (connection evicted)
2024/09/23 11:59:05 DEBUG [HikariPool-4 connection closer] - HikariPool-4 - Closing connection com.mysql.cj.jdbc.ConnectionImpl@21a82eb2: (connection evicted)
2024/09/23 11:59:05 DEBUG [HikariPool-4 connection closer] - HikariPool-4 - Closing connection com.mysql.cj.jdbc.ConnectionImpl@10c3c839: (connection evicted)
2024/09/23 11:59:05 DEBUG [HikariPool-4 connection closer] - HikariPool-4 - Closing connection com.mysql.cj.jdbc.ConnectionImpl@4187d1fd: (connection evicted)
2024/09/23 11:59:05 DEBUG [HikariPool-4 connection closer] - HikariPool-4 - Closing connection com.mysql.cj.jdbc.ConnectionImpl@2f7e3929: (connection evicted)
2024/09/23 11:59:05 DEBUG [HikariPool-4 connection closer] - HikariPool-4 - Closing connection com.mysql.cj.jdbc.ConnectionImpl@69fbcd90: (connection evicted)
2024/09/23 11:59:05 DEBUG [HikariPool-4 connection closer] - HikariPool-4 - Closing connection com.mysql.cj.jdbc.ConnectionImpl@130ec974: (connection evicted)
2024/09/23 11:59:05 DEBUG [HikariPool-4 connection closer] - HikariPool-4 - Closing connection com.mysql.cj.jdbc.ConnectionImpl@159575f0: (connection evicted)
2024/09/23 11:59:05 DEBUG [HikariPool-4 connection closer] - HikariPool-4 - Closing connection com.mysql.cj.jdbc.ConnectionImpl@593825f: (connection evicted)
2024/09/23 11:59:05 DEBUG [Thread-18] - HikariPool-4 - After shutdown stats (total=0, active=0, idle=0, waiting=0)
2024/09/23 11:59:05 INFO  [Thread-18] - HikariPool-4 - Shutdown completed.
2024/09/23 11:59:06 DEBUG [restartedMain] - Driver class com.mysql.cj.jdbc.Driver found in Thread context class loader TomcatEmbeddedWebappClassLoader
  context: ROOT
  delegate: true
----------> Parent Classloader:
org.springframework.boot.devtools.restart.classloader.RestartClassLoader@720e0e14

2024/09/23 11:59:07 DEBUG [restartedMain] - HikariPool-5 - configuration:
2024/09/23 11:59:07 DEBUG [restartedMain] - allowPoolSuspension................................false
2024/09/23 11:59:07 DEBUG [restartedMain] - autoCommit................................true
2024/09/23 11:59:07 DEBUG [restartedMain] - catalog................................none
2024/09/23 11:59:07 DEBUG [restartedMain] - connectionInitSql................................none
2024/09/23 11:59:07 DEBUG [restartedMain] - connectionTestQuery................................none
2024/09/23 11:59:07 DEBUG [restartedMain] - connectionTimeout................................30000
2024/09/23 11:59:07 DEBUG [restartedMain] - dataSource................................none
2024/09/23 11:59:07 DEBUG [restartedMain] - dataSourceClassName................................none
2024/09/23 11:59:07 DEBUG [restartedMain] - dataSourceJNDI................................none
2024/09/23 11:59:07 DEBUG [restartedMain] - dataSourceProperties................................{password=<masked>}
2024/09/23 11:59:07 DEBUG [restartedMain] - driverClassName................................"com.mysql.cj.jdbc.Driver"
2024/09/23 11:59:07 DEBUG [restartedMain] - exceptionOverrideClassName................................none
2024/09/23 11:59:07 DEBUG [restartedMain] - healthCheckProperties................................{}
2024/09/23 11:59:07 DEBUG [restartedMain] - healthCheckRegistry................................none
2024/09/23 11:59:07 DEBUG [restartedMain] - idleTimeout................................600000
2024/09/23 11:59:07 DEBUG [restartedMain] - initializationFailTimeout................................1
2024/09/23 11:59:07 DEBUG [restartedMain] - isolateInternalQueries................................false
2024/09/23 11:59:07 DEBUG [restartedMain] - jdbcUrl................................jdbc:mysql://localhost/sakemandb?useSSL=false&allowPublicKeyRetrieval=true
2024/09/23 11:59:07 DEBUG [restartedMain] - keepaliveTime................................0
2024/09/23 11:59:07 DEBUG [restartedMain] - leakDetectionThreshold................................0
2024/09/23 11:59:07 DEBUG [restartedMain] - maxLifetime................................1800000
2024/09/23 11:59:07 DEBUG [restartedMain] - maximumPoolSize................................10
2024/09/23 11:59:07 DEBUG [restartedMain] - metricRegistry................................none
2024/09/23 11:59:07 DEBUG [restartedMain] - metricsTrackerFactory................................com.zaxxer.hikari.metrics.micrometer.MicrometerMetricsTrackerFactory@6a5eaaf5
2024/09/23 11:59:07 DEBUG [restartedMain] - minimumIdle................................10
2024/09/23 11:59:07 DEBUG [restartedMain] - password................................<masked>
2024/09/23 11:59:07 DEBUG [restartedMain] - poolName................................"HikariPool-5"
2024/09/23 11:59:07 DEBUG [restartedMain] - readOnly................................false
2024/09/23 11:59:07 DEBUG [restartedMain] - registerMbeans................................false
2024/09/23 11:59:07 DEBUG [restartedMain] - scheduledExecutor................................none
2024/09/23 11:59:07 DEBUG [restartedMain] - schema................................none
2024/09/23 11:59:07 DEBUG [restartedMain] - threadFactory................................internal
2024/09/23 11:59:07 DEBUG [restartedMain] - transactionIsolation................................default
2024/09/23 11:59:07 DEBUG [restartedMain] - username................................"sakemanuser"
2024/09/23 11:59:07 DEBUG [restartedMain] - validationTimeout................................5000
2024/09/23 11:59:07 INFO  [restartedMain] - HikariPool-5 - Starting...
2024/09/23 11:59:07 DEBUG [restartedMain] - HikariPool-5 - Added connection com.mysql.cj.jdbc.ConnectionImpl@213b34f1
2024/09/23 11:59:07 INFO  [restartedMain] - HikariPool-5 - Start completed.
2024/09/23 11:59:07 DEBUG [HikariPool-5 housekeeper] - HikariPool-5 - Pool stats (total=1, active=0, idle=1, waiting=0)
2024/09/23 11:59:07 DEBUG [HikariPool-5 connection adder] - HikariPool-5 - Added connection com.mysql.cj.jdbc.ConnectionImpl@78b6bc94
2024/09/23 11:59:07 DEBUG [HikariPool-5 connection adder] - HikariPool-5 - Added connection com.mysql.cj.jdbc.ConnectionImpl@398bb6af
2024/09/23 11:59:07 DEBUG [HikariPool-5 connection adder] - HikariPool-5 - Added connection com.mysql.cj.jdbc.ConnectionImpl@878eb8c
2024/09/23 11:59:07 DEBUG [HikariPool-5 connection adder] - HikariPool-5 - Added connection com.mysql.cj.jdbc.ConnectionImpl@59a449e0
2024/09/23 11:59:07 DEBUG [HikariPool-5 connection adder] - HikariPool-5 - Added connection com.mysql.cj.jdbc.ConnectionImpl@6e3d0eac
2024/09/23 11:59:07 DEBUG [HikariPool-5 connection adder] - HikariPool-5 - Added connection com.mysql.cj.jdbc.ConnectionImpl@5dea74fd
2024/09/23 11:59:07 DEBUG [HikariPool-5 connection adder] - HikariPool-5 - Added connection com.mysql.cj.jdbc.ConnectionImpl@4fca970e
2024/09/23 11:59:07 DEBUG [HikariPool-5 connection adder] - HikariPool-5 - Added connection com.mysql.cj.jdbc.ConnectionImpl@31173ced
2024/09/23 11:59:07 DEBUG [HikariPool-5 connection adder] - HikariPool-5 - Added connection com.mysql.cj.jdbc.ConnectionImpl@4651bf25
2024/09/23 11:59:07 DEBUG [HikariPool-5 connection adder] - HikariPool-5 - After adding stats (total=10, active=0, idle=10, waiting=0)
2024/09/23 11:59:37 DEBUG [HikariPool-5 housekeeper] - HikariPool-5 - Pool stats (total=10, active=0, idle=10, waiting=0)
2024/09/23 11:59:37 DEBUG [HikariPool-5 housekeeper] - HikariPool-5 - Fill pool skipped, pool is at sufficient level.
2024/09/23 12:00:07 DEBUG [HikariPool-5 housekeeper] - HikariPool-5 - Pool stats (total=10, active=0, idle=10, waiting=0)
2024/09/23 12:00:07 DEBUG [HikariPool-5 housekeeper] - HikariPool-5 - Fill pool skipped, pool is at sufficient level.
2024/09/23 12:00:37 DEBUG [HikariPool-5 housekeeper] - HikariPool-5 - Pool stats (total=10, active=0, idle=10, waiting=0)
2024/09/23 12:00:37 DEBUG [HikariPool-5 housekeeper] - HikariPool-5 - Fill pool skipped, pool is at sufficient level.
2024/09/23 12:01:07 DEBUG [HikariPool-5 housekeeper] - HikariPool-5 - Pool stats (total=10, active=0, idle=10, waiting=0)
2024/09/23 12:01:07 DEBUG [HikariPool-5 housekeeper] - HikariPool-5 - Fill pool skipped, pool is at sufficient level.
2024/09/23 12:01:37 DEBUG [HikariPool-5 housekeeper] - HikariPool-5 - Pool stats (total=10, active=0, idle=10, waiting=0)
2024/09/23 12:01:37 DEBUG [HikariPool-5 housekeeper] - HikariPool-5 - Fill pool skipped, pool is at sufficient level.
2024/09/23 12:02:07 DEBUG [HikariPool-5 housekeeper] - HikariPool-5 - Pool stats (total=10, active=0, idle=10, waiting=0)
2024/09/23 12:02:07 DEBUG [HikariPool-5 housekeeper] - HikariPool-5 - Fill pool skipped, pool is at sufficient level.
2024/09/23 12:02:37 DEBUG [HikariPool-5 housekeeper] - HikariPool-5 - Pool stats (total=10, active=0, idle=10, waiting=0)
2024/09/23 12:02:37 DEBUG [HikariPool-5 housekeeper] - HikariPool-5 - Fill pool skipped, pool is at sufficient level.
2024/09/23 12:03:07 DEBUG [HikariPool-5 housekeeper] - HikariPool-5 - Pool stats (total=10, active=0, idle=10, waiting=0)
2024/09/23 12:03:07 DEBUG [HikariPool-5 housekeeper] - HikariPool-5 - Fill pool skipped, pool is at sufficient level.
2024/09/23 12:03:37 DEBUG [HikariPool-5 housekeeper] - HikariPool-5 - Pool stats (total=10, active=0, idle=10, waiting=0)
2024/09/23 12:03:37 DEBUG [HikariPool-5 housekeeper] - HikariPool-5 - Fill pool skipped, pool is at sufficient level.
2024/09/23 12:04:07 DEBUG [HikariPool-5 housekeeper] - HikariPool-5 - Pool stats (total=10, active=0, idle=10, waiting=0)
2024/09/23 12:04:07 DEBUG [HikariPool-5 housekeeper] - HikariPool-5 - Fill pool skipped, pool is at sufficient level.
2024/09/23 12:04:37 DEBUG [HikariPool-5 housekeeper] - HikariPool-5 - Pool stats (total=10, active=0, idle=10, waiting=0)
2024/09/23 12:04:37 DEBUG [HikariPool-5 housekeeper] - HikariPool-5 - Fill pool skipped, pool is at sufficient level.
2024/09/23 12:05:07 DEBUG [HikariPool-5 housekeeper] - HikariPool-5 - Pool stats (total=10, active=0, idle=10, waiting=0)
2024/09/23 12:05:07 DEBUG [HikariPool-5 housekeeper] - HikariPool-5 - Fill pool skipped, pool is at sufficient level.
2024/09/23 12:05:37 DEBUG [HikariPool-5 housekeeper] - HikariPool-5 - Pool stats (total=10, active=0, idle=10, waiting=0)
2024/09/23 12:05:37 DEBUG [HikariPool-5 housekeeper] - HikariPool-5 - Fill pool skipped, pool is at sufficient level.
2024/09/23 12:06:07 DEBUG [HikariPool-5 housekeeper] - HikariPool-5 - Pool stats (total=10, active=0, idle=10, waiting=0)
2024/09/23 12:06:07 DEBUG [HikariPool-5 housekeeper] - HikariPool-5 - Fill pool skipped, pool is at sufficient level.
2024/09/23 12:06:37 DEBUG [HikariPool-5 housekeeper] - HikariPool-5 - Pool stats (total=10, active=0, idle=10, waiting=0)
2024/09/23 12:06:37 DEBUG [HikariPool-5 housekeeper] - HikariPool-5 - Fill pool skipped, pool is at sufficient level.
2024/09/23 12:07:07 DEBUG [HikariPool-5 housekeeper] - HikariPool-5 - Pool stats (total=10, active=0, idle=10, waiting=0)
2024/09/23 12:07:07 DEBUG [HikariPool-5 housekeeper] - HikariPool-5 - Fill pool skipped, pool is at sufficient level.
2024/09/23 12:07:37 DEBUG [HikariPool-5 housekeeper] - HikariPool-5 - Pool stats (total=10, active=0, idle=10, waiting=0)
2024/09/23 12:07:37 DEBUG [HikariPool-5 housekeeper] - HikariPool-5 - Fill pool skipped, pool is at sufficient level.
2024/09/23 12:08:07 DEBUG [HikariPool-5 housekeeper] - HikariPool-5 - Pool stats (total=10, active=0, idle=10, waiting=0)
2024/09/23 12:08:07 DEBUG [HikariPool-5 housekeeper] - HikariPool-5 - Fill pool skipped, pool is at sufficient level.
2024/09/23 12:08:37 DEBUG [HikariPool-5 housekeeper] - HikariPool-5 - Pool stats (total=10, active=0, idle=10, waiting=0)
2024/09/23 12:08:37 DEBUG [HikariPool-5 housekeeper] - HikariPool-5 - Fill pool skipped, pool is at sufficient level.
2024/09/23 12:09:07 DEBUG [HikariPool-5 housekeeper] - HikariPool-5 - Pool stats (total=10, active=0, idle=10, waiting=0)
2024/09/23 12:09:07 DEBUG [HikariPool-5 housekeeper] - HikariPool-5 - Fill pool skipped, pool is at sufficient level.
2024/09/23 12:09:37 DEBUG [HikariPool-5 housekeeper] - HikariPool-5 - Pool stats (total=10, active=0, idle=10, waiting=0)
2024/09/23 12:09:37 DEBUG [HikariPool-5 housekeeper] - HikariPool-5 - Fill pool skipped, pool is at sufficient level.
2024/09/23 12:10:07 DEBUG [HikariPool-5 housekeeper] - HikariPool-5 - Pool stats (total=10, active=0, idle=10, waiting=0)
2024/09/23 12:10:07 DEBUG [HikariPool-5 housekeeper] - HikariPool-5 - Fill pool skipped, pool is at sufficient level.
2024/09/23 12:10:37 DEBUG [HikariPool-5 housekeeper] - HikariPool-5 - Pool stats (total=10, active=0, idle=10, waiting=0)
2024/09/23 12:10:37 DEBUG [HikariPool-5 housekeeper] - HikariPool-5 - Fill pool skipped, pool is at sufficient level.
2024/09/23 12:11:07 DEBUG [HikariPool-5 housekeeper] - HikariPool-5 - Pool stats (total=10, active=0, idle=10, waiting=0)
2024/09/23 12:11:07 DEBUG [HikariPool-5 housekeeper] - HikariPool-5 - Fill pool skipped, pool is at sufficient level.
2024/09/23 12:11:37 DEBUG [HikariPool-5 housekeeper] - HikariPool-5 - Pool stats (total=10, active=0, idle=10, waiting=0)
2024/09/23 12:11:37 DEBUG [HikariPool-5 housekeeper] - HikariPool-5 - Fill pool skipped, pool is at sufficient level.
2024/09/23 12:12:07 DEBUG [HikariPool-5 housekeeper] - HikariPool-5 - Pool stats (total=10, active=0, idle=10, waiting=0)
2024/09/23 12:12:07 DEBUG [HikariPool-5 housekeeper] - HikariPool-5 - Fill pool skipped, pool is at sufficient level.
2024/09/23 12:12:37 DEBUG [HikariPool-5 housekeeper] - HikariPool-5 - Pool stats (total=10, active=0, idle=10, waiting=0)
2024/09/23 12:12:37 DEBUG [HikariPool-5 housekeeper] - HikariPool-5 - Fill pool skipped, pool is at sufficient level.
2024/09/23 12:13:07 DEBUG [HikariPool-5 housekeeper] - HikariPool-5 - Pool stats (total=10, active=0, idle=10, waiting=0)
2024/09/23 12:13:07 DEBUG [HikariPool-5 housekeeper] - HikariPool-5 - Fill pool skipped, pool is at sufficient level.
2024/09/23 12:13:37 DEBUG [HikariPool-5 housekeeper] - HikariPool-5 - Pool stats (total=10, active=0, idle=10, waiting=0)
2024/09/23 12:13:37 DEBUG [HikariPool-5 housekeeper] - HikariPool-5 - Fill pool skipped, pool is at sufficient level.
2024/09/23 12:14:07 DEBUG [HikariPool-5 housekeeper] - HikariPool-5 - Pool stats (total=10, active=0, idle=10, waiting=0)
2024/09/23 12:14:07 DEBUG [HikariPool-5 housekeeper] - HikariPool-5 - Fill pool skipped, pool is at sufficient level.
2024/09/23 12:14:37 DEBUG [HikariPool-5 housekeeper] - HikariPool-5 - Pool stats (total=10, active=0, idle=10, waiting=0)
2024/09/23 12:14:37 DEBUG [HikariPool-5 housekeeper] - HikariPool-5 - Fill pool skipped, pool is at sufficient level.
2024/09/23 12:15:07 DEBUG [HikariPool-5 housekeeper] - HikariPool-5 - Pool stats (total=10, active=0, idle=10, waiting=0)
2024/09/23 12:15:07 DEBUG [HikariPool-5 housekeeper] - HikariPool-5 - Fill pool skipped, pool is at sufficient level.
2024/09/23 12:15:37 DEBUG [HikariPool-5 housekeeper] - HikariPool-5 - Pool stats (total=10, active=0, idle=10, waiting=0)
2024/09/23 12:15:37 DEBUG [HikariPool-5 housekeeper] - HikariPool-5 - Fill pool skipped, pool is at sufficient level.
2024/09/23 12:16:07 DEBUG [HikariPool-5 housekeeper] - HikariPool-5 - Pool stats (total=10, active=0, idle=10, waiting=0)
2024/09/23 12:16:07 DEBUG [HikariPool-5 housekeeper] - HikariPool-5 - Fill pool skipped, pool is at sufficient level.
2024/09/23 12:16:37 DEBUG [HikariPool-5 housekeeper] - HikariPool-5 - Pool stats (total=10, active=0, idle=10, waiting=0)
2024/09/23 12:16:37 DEBUG [HikariPool-5 housekeeper] - HikariPool-5 - Fill pool skipped, pool is at sufficient level.
2024/09/23 12:17:07 DEBUG [HikariPool-5 housekeeper] - HikariPool-5 - Pool stats (total=10, active=0, idle=10, waiting=0)
2024/09/23 12:17:07 DEBUG [HikariPool-5 housekeeper] - HikariPool-5 - Fill pool skipped, pool is at sufficient level.
2024/09/23 12:17:37 DEBUG [HikariPool-5 housekeeper] - HikariPool-5 - Pool stats (total=10, active=0, idle=10, waiting=0)
2024/09/23 12:17:37 DEBUG [HikariPool-5 housekeeper] - HikariPool-5 - Fill pool skipped, pool is at sufficient level.
2024/09/23 12:18:07 DEBUG [HikariPool-5 housekeeper] - HikariPool-5 - Pool stats (total=10, active=0, idle=10, waiting=0)
2024/09/23 12:18:07 DEBUG [HikariPool-5 housekeeper] - HikariPool-5 - Fill pool skipped, pool is at sufficient level.
2024/09/23 12:18:37 DEBUG [HikariPool-5 housekeeper] - HikariPool-5 - Pool stats (total=10, active=0, idle=10, waiting=0)
2024/09/23 12:18:37 DEBUG [HikariPool-5 housekeeper] - HikariPool-5 - Fill pool skipped, pool is at sufficient level.
2024/09/23 12:19:07 DEBUG [HikariPool-5 housekeeper] - HikariPool-5 - Pool stats (total=10, active=0, idle=10, waiting=0)
2024/09/23 12:19:07 DEBUG [HikariPool-5 housekeeper] - HikariPool-5 - Fill pool skipped, pool is at sufficient level.
2024/09/23 12:19:37 DEBUG [HikariPool-5 housekeeper] - HikariPool-5 - Pool stats (total=10, active=0, idle=10, waiting=0)
2024/09/23 12:19:37 DEBUG [HikariPool-5 housekeeper] - HikariPool-5 - Fill pool skipped, pool is at sufficient level.
2024/09/23 12:20:07 DEBUG [HikariPool-5 housekeeper] - HikariPool-5 - Pool stats (total=10, active=0, idle=10, waiting=0)
2024/09/23 12:20:07 DEBUG [HikariPool-5 housekeeper] - HikariPool-5 - Fill pool skipped, pool is at sufficient level.
2024/09/23 12:20:37 DEBUG [HikariPool-5 housekeeper] - HikariPool-5 - Pool stats (total=10, active=0, idle=10, waiting=0)
2024/09/23 12:20:37 DEBUG [HikariPool-5 housekeeper] - HikariPool-5 - Fill pool skipped, pool is at sufficient level.
2024/09/23 12:21:07 DEBUG [HikariPool-5 housekeeper] - HikariPool-5 - Pool stats (total=10, active=0, idle=10, waiting=0)
2024/09/23 12:21:07 DEBUG [HikariPool-5 housekeeper] - HikariPool-5 - Fill pool skipped, pool is at sufficient level.
2024/09/23 12:21:37 DEBUG [HikariPool-5 housekeeper] - HikariPool-5 - Pool stats (total=10, active=0, idle=10, waiting=0)
2024/09/23 12:21:37 DEBUG [HikariPool-5 housekeeper] - HikariPool-5 - Fill pool skipped, pool is at sufficient level.
2024/09/23 12:22:07 DEBUG [HikariPool-5 housekeeper] - HikariPool-5 - Pool stats (total=10, active=0, idle=10, waiting=0)
2024/09/23 12:22:07 DEBUG [HikariPool-5 housekeeper] - HikariPool-5 - Fill pool skipped, pool is at sufficient level.
2024/09/23 12:22:37 DEBUG [HikariPool-5 housekeeper] - HikariPool-5 - Pool stats (total=10, active=0, idle=10, waiting=0)
2024/09/23 12:22:37 DEBUG [HikariPool-5 housekeeper] - HikariPool-5 - Fill pool skipped, pool is at sufficient level.
2024/09/23 12:23:07 DEBUG [HikariPool-5 housekeeper] - HikariPool-5 - Pool stats (total=10, active=0, idle=10, waiting=0)
2024/09/23 12:23:07 DEBUG [HikariPool-5 housekeeper] - HikariPool-5 - Fill pool skipped, pool is at sufficient level.
2024/09/23 12:23:12 INFO  [Thread-23] - HikariPool-5 - Shutdown initiated...
2024/09/23 12:23:12 DEBUG [Thread-23] - HikariPool-5 - Before shutdown stats (total=10, active=0, idle=10, waiting=0)
2024/09/23 12:23:12 DEBUG [HikariPool-5 connection closer] - HikariPool-5 - Closing connection com.mysql.cj.jdbc.ConnectionImpl@213b34f1: (connection evicted)
2024/09/23 12:23:12 DEBUG [HikariPool-5 connection closer] - HikariPool-5 - Closing connection com.mysql.cj.jdbc.ConnectionImpl@78b6bc94: (connection evicted)
2024/09/23 12:23:12 DEBUG [HikariPool-5 connection closer] - HikariPool-5 - Closing connection com.mysql.cj.jdbc.ConnectionImpl@398bb6af: (connection evicted)
2024/09/23 12:23:12 DEBUG [HikariPool-5 connection closer] - HikariPool-5 - Closing connection com.mysql.cj.jdbc.ConnectionImpl@878eb8c: (connection evicted)
2024/09/23 12:23:12 DEBUG [HikariPool-5 connection closer] - HikariPool-5 - Closing connection com.mysql.cj.jdbc.ConnectionImpl@59a449e0: (connection evicted)
2024/09/23 12:23:12 DEBUG [HikariPool-5 connection closer] - HikariPool-5 - Closing connection com.mysql.cj.jdbc.ConnectionImpl@6e3d0eac: (connection evicted)
2024/09/23 12:23:12 DEBUG [HikariPool-5 connection closer] - HikariPool-5 - Closing connection com.mysql.cj.jdbc.ConnectionImpl@5dea74fd: (connection evicted)
2024/09/23 12:23:12 DEBUG [HikariPool-5 connection closer] - HikariPool-5 - Closing connection com.mysql.cj.jdbc.ConnectionImpl@4fca970e: (connection evicted)
2024/09/23 12:23:12 DEBUG [HikariPool-5 connection closer] - HikariPool-5 - Closing connection com.mysql.cj.jdbc.ConnectionImpl@31173ced: (connection evicted)
2024/09/23 12:23:12 DEBUG [HikariPool-5 connection closer] - HikariPool-5 - Closing connection com.mysql.cj.jdbc.ConnectionImpl@4651bf25: (connection evicted)
2024/09/23 12:23:12 DEBUG [Thread-23] - HikariPool-5 - After shutdown stats (total=0, active=0, idle=0, waiting=0)
2024/09/23 12:23:12 INFO  [Thread-23] - HikariPool-5 - Shutdown completed.
2024/09/23 12:23:13 DEBUG [restartedMain] - Driver class com.mysql.cj.jdbc.Driver found in Thread context class loader TomcatEmbeddedWebappClassLoader
  context: ROOT
  delegate: true
----------> Parent Classloader:
org.springframework.boot.devtools.restart.classloader.RestartClassLoader@4391dc80

2024/09/23 12:23:14 DEBUG [restartedMain] - HikariPool-6 - configuration:
2024/09/23 12:23:14 DEBUG [restartedMain] - allowPoolSuspension................................false
2024/09/23 12:23:14 DEBUG [restartedMain] - autoCommit................................true
2024/09/23 12:23:14 DEBUG [restartedMain] - catalog................................none
2024/09/23 12:23:14 DEBUG [restartedMain] - connectionInitSql................................none
2024/09/23 12:23:14 DEBUG [restartedMain] - connectionTestQuery................................none
2024/09/23 12:23:14 DEBUG [restartedMain] - connectionTimeout................................30000
2024/09/23 12:23:14 DEBUG [restartedMain] - dataSource................................none
2024/09/23 12:23:14 DEBUG [restartedMain] - dataSourceClassName................................none
2024/09/23 12:23:14 DEBUG [restartedMain] - dataSourceJNDI................................none
2024/09/23 12:23:14 DEBUG [restartedMain] - dataSourceProperties................................{password=<masked>}
2024/09/23 12:23:14 DEBUG [restartedMain] - driverClassName................................"com.mysql.cj.jdbc.Driver"
2024/09/23 12:23:14 DEBUG [restartedMain] - exceptionOverrideClassName................................none
2024/09/23 12:23:14 DEBUG [restartedMain] - healthCheckProperties................................{}
2024/09/23 12:23:14 DEBUG [restartedMain] - healthCheckRegistry................................none
2024/09/23 12:23:14 DEBUG [restartedMain] - idleTimeout................................600000
2024/09/23 12:23:14 DEBUG [restartedMain] - initializationFailTimeout................................1
2024/09/23 12:23:14 DEBUG [restartedMain] - isolateInternalQueries................................false
2024/09/23 12:23:14 DEBUG [restartedMain] - jdbcUrl................................jdbc:mysql://localhost/sakemandb?useSSL=false&allowPublicKeyRetrieval=true
2024/09/23 12:23:14 DEBUG [restartedMain] - keepaliveTime................................0
2024/09/23 12:23:14 DEBUG [restartedMain] - leakDetectionThreshold................................0
2024/09/23 12:23:14 DEBUG [restartedMain] - maxLifetime................................1800000
2024/09/23 12:23:14 DEBUG [restartedMain] - maximumPoolSize................................10
2024/09/23 12:23:14 DEBUG [restartedMain] - metricRegistry................................none
2024/09/23 12:23:14 DEBUG [restartedMain] - metricsTrackerFactory................................com.zaxxer.hikari.metrics.micrometer.MicrometerMetricsTrackerFactory@5105627
2024/09/23 12:23:14 DEBUG [restartedMain] - minimumIdle................................10
2024/09/23 12:23:14 DEBUG [restartedMain] - password................................<masked>
2024/09/23 12:23:14 DEBUG [restartedMain] - poolName................................"HikariPool-6"
2024/09/23 12:23:14 DEBUG [restartedMain] - readOnly................................false
2024/09/23 12:23:14 DEBUG [restartedMain] - registerMbeans................................false
2024/09/23 12:23:14 DEBUG [restartedMain] - scheduledExecutor................................none
2024/09/23 12:23:14 DEBUG [restartedMain] - schema................................none
2024/09/23 12:23:14 DEBUG [restartedMain] - threadFactory................................internal
2024/09/23 12:23:14 DEBUG [restartedMain] - transactionIsolation................................default
2024/09/23 12:23:14 DEBUG [restartedMain] - username................................"sakemanuser"
2024/09/23 12:23:14 DEBUG [restartedMain] - validationTimeout................................5000
2024/09/23 12:23:14 INFO  [restartedMain] - HikariPool-6 - Starting...
2024/09/23 12:23:14 DEBUG [restartedMain] - HikariPool-6 - Added connection com.mysql.cj.jdbc.ConnectionImpl@598fcc82
2024/09/23 12:23:14 INFO  [restartedMain] - HikariPool-6 - Start completed.
2024/09/23 12:23:14 DEBUG [HikariPool-6 housekeeper] - HikariPool-6 - Pool stats (total=1, active=0, idle=1, waiting=0)
2024/09/23 12:23:14 DEBUG [HikariPool-6 connection adder] - HikariPool-6 - Added connection com.mysql.cj.jdbc.ConnectionImpl@7304048b
2024/09/23 12:23:14 DEBUG [HikariPool-6 connection adder] - HikariPool-6 - Added connection com.mysql.cj.jdbc.ConnectionImpl@32390eb0
2024/09/23 12:23:14 DEBUG [HikariPool-6 connection adder] - HikariPool-6 - Added connection com.mysql.cj.jdbc.ConnectionImpl@3417a98
2024/09/23 12:23:14 DEBUG [HikariPool-6 connection adder] - HikariPool-6 - Added connection com.mysql.cj.jdbc.ConnectionImpl@5216f1ff
2024/09/23 12:23:14 DEBUG [HikariPool-6 connection adder] - HikariPool-6 - Added connection com.mysql.cj.jdbc.ConnectionImpl@1a9b52d2
2024/09/23 12:23:14 DEBUG [HikariPool-6 connection adder] - HikariPool-6 - Added connection com.mysql.cj.jdbc.ConnectionImpl@56584f48
2024/09/23 12:23:14 DEBUG [HikariPool-6 connection adder] - HikariPool-6 - Added connection com.mysql.cj.jdbc.ConnectionImpl@37cf00bc
2024/09/23 12:23:14 DEBUG [HikariPool-6 connection adder] - HikariPool-6 - Added connection com.mysql.cj.jdbc.ConnectionImpl@3606cc17
2024/09/23 12:23:14 DEBUG [HikariPool-6 connection adder] - HikariPool-6 - Added connection com.mysql.cj.jdbc.ConnectionImpl@18eac39b
2024/09/23 12:23:14 DEBUG [HikariPool-6 connection adder] - HikariPool-6 - After adding stats (total=10, active=0, idle=10, waiting=0)
2024/09/23 12:23:44 DEBUG [HikariPool-6 housekeeper] - HikariPool-6 - Pool stats (total=10, active=0, idle=10, waiting=0)
2024/09/23 12:23:44 DEBUG [HikariPool-6 housekeeper] - HikariPool-6 - Fill pool skipped, pool is at sufficient level.
2024/09/23 12:23:47 INFO  [RMI TCP Connection(52)-127.0.0.1] - HikariPool-6 - Shutdown initiated...
2024/09/23 12:23:47 DEBUG [RMI TCP Connection(52)-127.0.0.1] - HikariPool-6 - Before shutdown stats (total=10, active=0, idle=10, waiting=0)
2024/09/23 12:23:47 DEBUG [HikariPool-6 connection closer] - HikariPool-6 - Closing connection com.mysql.cj.jdbc.ConnectionImpl@598fcc82: (connection evicted)
2024/09/23 12:23:47 DEBUG [HikariPool-6 connection closer] - HikariPool-6 - Closing connection com.mysql.cj.jdbc.ConnectionImpl@7304048b: (connection evicted)
2024/09/23 12:23:47 DEBUG [HikariPool-6 connection closer] - HikariPool-6 - Closing connection com.mysql.cj.jdbc.ConnectionImpl@32390eb0: (connection evicted)
2024/09/23 12:23:47 DEBUG [HikariPool-6 connection closer] - HikariPool-6 - Closing connection com.mysql.cj.jdbc.ConnectionImpl@3417a98: (connection evicted)
2024/09/23 12:23:47 DEBUG [HikariPool-6 connection closer] - HikariPool-6 - Closing connection com.mysql.cj.jdbc.ConnectionImpl@5216f1ff: (connection evicted)
2024/09/23 12:23:47 DEBUG [HikariPool-6 connection closer] - HikariPool-6 - Closing connection com.mysql.cj.jdbc.ConnectionImpl@1a9b52d2: (connection evicted)
2024/09/23 12:23:47 DEBUG [HikariPool-6 connection closer] - HikariPool-6 - Closing connection com.mysql.cj.jdbc.ConnectionImpl@56584f48: (connection evicted)
2024/09/23 12:23:47 DEBUG [HikariPool-6 connection closer] - HikariPool-6 - Closing connection com.mysql.cj.jdbc.ConnectionImpl@37cf00bc: (connection evicted)
2024/09/23 12:23:47 DEBUG [HikariPool-6 connection closer] - HikariPool-6 - Closing connection com.mysql.cj.jdbc.ConnectionImpl@3606cc17: (connection evicted)
2024/09/23 12:23:47 DEBUG [HikariPool-6 connection closer] - HikariPool-6 - Closing connection com.mysql.cj.jdbc.ConnectionImpl@18eac39b: (connection evicted)
2024/09/23 12:23:47 DEBUG [RMI TCP Connection(52)-127.0.0.1] - HikariPool-6 - After shutdown stats (total=0, active=0, idle=0, waiting=0)
2024/09/23 12:23:47 INFO  [RMI TCP Connection(52)-127.0.0.1] - HikariPool-6 - Shutdown completed.
